<?xml version="1.0" encoding="UTF-8"?>
<!-- Generated by org.testng.reporters.JUnitXMLReporter -->
<testsuite ignored="8" hostname="DESKTOP-9R07MD8" failures="4" tests="11" name="Surefire test" time="18.471" errors="0" timestamp="2025-03-13T19:32:19 IST">
  <testcase classname="com.qa.opencart.tests.AccountsPageTest" name="@BeforeClass accPageSetUp" time="0.001">
    <failure type="java.lang.NullPointerException">
      <![CDATA[java.lang.NullPointerException
at com.qa.opencart.tests.AccountsPageTest.accPageSetUp(AccountsPageTest.java:14)
at java.base/java.util.ArrayList.forEach(ArrayList.java:1541)
... Removed 30 stack frames]]>
    </failure>
  </testcase> <!-- @BeforeClass accPageSetUp -->
  <testcase classname="com.qa.opencart.tests.MenuListTest" name="@BeforeClass accPageSetUp" time="0.001">
    <failure type="java.lang.NullPointerException">
      <![CDATA[java.lang.NullPointerException
at com.qa.opencart.tests.MenuListTest.accPageSetUp(MenuListTest.java:16)
at java.base/java.util.ArrayList.forEach(ArrayList.java:1541)
... Removed 30 stack frames]]>
    </failure>
  </testcase> <!-- @BeforeClass accPageSetUp -->
  <testcase classname="com.qa.opencart.tests.AccountsPageTest" name="HomePageTitleTest" time="0.0">
    <skipped/>
  </testcase> <!-- HomePageTitleTest -->
  <testcase classname="com.qa.opencart.tests.AccountsPageTest" name="HomePageUrlTest" time="0.001">
    <skipped/>
  </testcase> <!-- HomePageUrlTest -->
  <testcase classname="com.qa.opencart.tests.AccountsPageTest" name="BankNameTest" time="0.001">
    <skipped/>
  </testcase> <!-- BankNameTest -->
  <testcase classname="com.qa.opencart.tests.AccountsPageTest" name="AccountNumvalidationTest" time="0.0">
    <skipped/>
  </testcase> <!-- AccountNumvalidationTest -->
  <testcase classname="com.qa.opencart.tests.AccountsPageTest" name="HeaderTest" time="0.0">
    <skipped/>
  </testcase> <!-- HeaderTest -->
  <testcase classname="com.qa.opencart.tests.AccountsPageTest" name="MenuListValues" time="0.0">
    <skipped/>
  </testcase> <!-- MenuListValues -->
  <testcase classname="com.qa.opencart.tests.LoginPageTest" name="PageTitleTest" time="0.001">
    <failure type="java.lang.NullPointerException">
      <![CDATA[java.lang.NullPointerException
at com.qa.opencart.tests.LoginPageTest.PageTitleTest(LoginPageTest.java:13)
at java.base/java.util.ArrayList.forEach(ArrayList.java:1541)
... Removed 32 stack frames]]>
    </failure>
  </testcase> <!-- PageTitleTest -->
  <testcase classname="com.qa.opencart.tests.LoginPageTest" name="PageUrlTest" time="0.001">
    <failure type="java.lang.NullPointerException">
      <![CDATA[java.lang.NullPointerException
at com.qa.opencart.tests.LoginPageTest.PageUrlTest(LoginPageTest.java:21)
at java.base/java.util.ArrayList.forEach(ArrayList.java:1541)
... Removed 32 stack frames]]>
    </failure>
  </testcase> <!-- PageUrlTest -->
  <testcase classname="com.qa.opencart.tests.LoginPageTest" name="PageForgotPwdTest" time="0.001">
    <failure type="java.lang.NullPointerException">
      <![CDATA[java.lang.NullPointerException
at com.qa.opencart.tests.LoginPageTest.PageForgotPwdTest(LoginPageTest.java:28)
at java.base/java.util.ArrayList.forEach(ArrayList.java:1541)
... Removed 32 stack frames]]>
    </failure>
  </testcase> <!-- PageForgotPwdTest -->
  <testcase classname="com.qa.opencart.tests.LoginPageTest" name="LoginTest" time="0.0">
    <failure type="java.lang.NullPointerException">
      <![CDATA[java.lang.NullPointerException
at com.qa.opencart.tests.LoginPageTest.LoginTest(LoginPageTest.java:33)
at java.base/java.util.ArrayList.forEach(ArrayList.java:1541)
... Removed 32 stack frames]]>
    </failure>
  </testcase> <!-- LoginTest -->
  <testcase classname="com.qa.opencart.tests.MenuListTest" name="MenuListValues" time="0.001">
    <skipped/>
  </testcase> <!-- MenuListValues -->
  <testcase classname="com.qa.opencart.base.BaseTest" name="@BeforeTest setup" time="0.0">
    <ignored/>
  </testcase> <!-- @BeforeTest setup -->
  <testcase classname="com.qa.opencart.base.BaseTest" name="@AfterTest tearDown" time="0.0">
    <ignored/>
  </testcase> <!-- @AfterTest tearDown -->
  <testcase classname="com.qa.opencart.base.BaseTest" name="@AfterTest tearDown" time="0.0">
    <ignored/>
  </testcase> <!-- @AfterTest tearDown -->
  <testcase classname="com.qa.opencart.base.BaseTest" name="@BeforeTest setup" time="0.0">
    <ignored/>
  </testcase> <!-- @BeforeTest setup -->
  <testcase classname="com.qa.opencart.base.BaseTest" name="@BeforeTest setup" time="0.0">
    <ignored/>
  </testcase> <!-- @BeforeTest setup -->
  <testcase classname="com.qa.opencart.base.BaseTest" name="@AfterTest tearDown" time="0.0">
    <ignored/>
  </testcase> <!-- @AfterTest tearDown -->
  <testcase classname="com.qa.opencart.base.BaseTest" name="@AfterTest tearDown" time="0.0">
    <ignored/>
  </testcase> <!-- @AfterTest tearDown -->
  <testcase classname="com.qa.opencart.base.BaseTest" name="@BeforeTest setup" time="0.0">
    <ignored/>
  </testcase> <!-- @BeforeTest setup -->
</testsuite> <!-- Surefire test -->
