<?xml version="1.0" encoding="UTF-8"?>
<!-- Generated by org.testng.reporters.JUnitXMLReporter -->
<testsuite ignored="0" hostname="DESKTOP-9R07MD8" failures="0" tests="4" name="Default test" time="7.662" errors="0" timestamp="2025-03-25T16:52:24 IST">
  <testcase classname="com.qa.opencart.tests.LoginPageTest" name="PageTitleTest" time="0.07"/>
  <testcase classname="com.qa.opencart.tests.LoginPageTest" name="PageUrlTest" time="0.109"/>
  <testcase classname="com.qa.opencart.tests.LoginPageTest" name="PageForgotPwdTest" time="0.06"/>
  <testcase classname="com.qa.opencart.tests.LoginPageTest" name="LoginTest" time="0.739"/>
</testsuite> <!-- Default test -->
