<?xml version="1.0" encoding="UTF-8"?>
<!-- Generated by org.testng.reporters.JUnitXMLReporter -->
<testsuite ignored="0" hostname="DESKTOP-9R07MD8" failures="1" tests="6" name="comdata Accounts Page test" time="41.27" errors="0" timestamp="2025-03-18T20:21:19 IST">
  <testcase classname="com.qa.opencart.tests.AccountsPageTest" name="HomePageTitleTest" time="0.109"/>
  <testcase classname="com.qa.opencart.tests.AccountsPageTest" name="HomePageUrlTest" time="6.165"/>
  <testcase classname="com.qa.opencart.tests.AccountsPageTest" name="BankNameTest" time="0.428"/>
  <testcase classname="com.qa.opencart.tests.AccountsPageTest" name="AccountNumvalidationTest" time="0.727">
    <failure type="java.lang.AssertionError" message="expected [Comdata] but found [Fintwist Account]">
      <![CDATA[java.lang.AssertionError: expected [Comdata] but found [Fintwist Account]
at com.qa.opencart.tests.AccountsPageTest.AccountNumvalidationTest(AccountsPageTest.java:40)
at java.base/java.util.ArrayList.forEach(ArrayList.java:1541)
at java.base/java.util.concurrent.FutureTask.run(FutureTask.java:264)
at java.base/java.util.concurrent.ThreadPoolExecutor.runWorker(ThreadPoolExecutor.java:1128)
at java.base/java.util.concurrent.ThreadPoolExecutor$Worker.run(ThreadPoolExecutor.java:628)
at java.base/java.lang.Thread.run(Thread.java:834)
... Removed 23 stack frames]]>
    </failure>
  </testcase> <!-- AccountNumvalidationTest -->
  <testcase classname="com.qa.opencart.tests.AccountsPageTest" name="HeaderTest" time="0.089"/>
  <testcase classname="com.qa.opencart.tests.AccountsPageTest" name="MenuListValues" time="10.076"/>
</testsuite> <!-- comdata Accounts Page test -->
