<?xml version="1.0" encoding="UTF-8"?>
<!-- Generated by org.testng.reporters.JUnitXMLReporter -->
<testsuite ignored="0" hostname="DESKTOP-9R07MD8" failures="0" tests="4" name="comdata login  test" time="23.477" errors="0" timestamp="2025-03-18T20:21:01 IST">
  <testcase classname="com.qa.opencart.tests.LoginPageTest" name="PageTitleTest" time="0.138"/>
  <testcase classname="com.qa.opencart.tests.LoginPageTest" name="PageUrlTest" time="0.04"/>
  <testcase classname="com.qa.opencart.tests.LoginPageTest" name="PageForgotPwdTest" time="0.081"/>
  <testcase classname="com.qa.opencart.tests.LoginPageTest" name="LoginTest" time="3.282"/>
</testsuite> <!-- comdata login  test -->
