<?xml version="1.0" encoding="UTF-8"?>
<!-- Generated by org.testng.reporters.JUnitXMLReporter -->
<testsuite ignored="0" hostname="DESKTOP-9R07MD8" failures="0" tests="4" name="comdata login test" time="22.932" errors="0" timestamp="2025-03-25T16:45:40 IST">
  <testcase classname="com.qa.opencart.tests.LoginPageTest" name="PageTitleTest" time="0.707"/>
  <testcase classname="com.qa.opencart.tests.LoginPageTest" name="PageUrlTest" time="0.366"/>
  <testcase classname="com.qa.opencart.tests.LoginPageTest" name="PageForgotPwdTest" time="0.277"/>
  <testcase classname="com.qa.opencart.tests.LoginPageTest" name="LoginTest" time="2.755"/>
</testsuite> <!-- comdata login test -->
