<?xml version="1.0" encoding="UTF-8"?>
<!-- Generated by org.testng.reporters.JUnitXMLReporter -->
<testsuite ignored="0" hostname="DESKTOP-9R07MD8" failures="0" tests="4" name="comdata login test" time="26.197" errors="0" timestamp="2025-03-25T23:40:56 IST">
  <testcase classname="com.qa.opencart.tests.LoginPageTest" name="PageTitleTest" time="0.646"/>
  <testcase classname="com.qa.opencart.tests.LoginPageTest" name="PageUrlTest" time="0.53"/>
  <testcase classname="com.qa.opencart.tests.LoginPageTest" name="PageForgotPwdTest" time="1.093"/>
  <testcase classname="com.qa.opencart.tests.LoginPageTest" name="LoginTest" time="3.349"/>
</testsuite> <!-- comdata login test -->
