<?xml version="1.0" encoding="UTF-8"?>
<!-- Generated by org.testng.reporters.JUnitXMLReporter -->
<testsuite ignored="0" hostname="DESKTOP-9R07MD8" failures="2" tests="5" name="comdata Accounts Page test" time="13.633" errors="0" timestamp="2025-03-18T23:35:42 IST">
  <testcase classname="com.qa.opencart.tests.AccountsPageTest" name="HomePageTitleTest" time="0.027"/>
  <testcase classname="com.qa.opencart.tests.AccountsPageTest" name="HomePageUrlTest" time="6.746"/>
  <testcase classname="com.qa.opencart.tests.AccountsPageTest" name="BankNameTest" time="0.198"/>
  <testcase classname="com.qa.opencart.tests.AccountsPageTest" name="AccountNumvalidationTest" time="0.059">
    <failure type="java.lang.AssertionError" message="expected [Comdata] but found [Fintwist Account]">
      <![CDATA[java.lang.AssertionError: expected [Comdata] but found [Fintwist Account]
at com.qa.opencart.tests.AccountsPageTest.AccountNumvalidationTest(AccountsPageTest.java:40)
at java.base/java.util.ArrayList.forEach(ArrayList.java:1597)
... Removed 31 stack frames]]>
    </failure>
  </testcase> <!-- AccountNumvalidationTest -->
  <testcase classname="com.qa.opencart.tests.AccountsPageTest" name="AccountNumvalidationTest" time="0.072">
    <failure type="java.lang.NullPointerException" message="Cannot invoke &amp;quot;org.openqa.selenium.TakesScreenshot.getScreenshotAs(org.openqa.selenium.OutputType)&amp;quot; because the return value of &amp;quot;com.qa.opencart.factory.DriverFactory.getDriver()&amp;quot; is null">
      <![CDATA[java.lang.NullPointerException: Cannot invoke "org.openqa.selenium.TakesScreenshot.getScreenshotAs(org.openqa.selenium.OutputType)" because the return value of "com.qa.opencart.factory.DriverFactory.getDriver()" is null
at com.qa.opencart.factory.DriverFactory.getScreenshot(DriverFactory.java:122)
at com.qa.opencart.listeners.ExtentReportListener.onTestFailure(ExtentReportListener.java:97)
at java.base/java.util.ArrayList.forEach(ArrayList.java:1597)
... Removed 24 stack frames]]>
    </failure>
  </testcase> <!-- AccountNumvalidationTest -->
</testsuite> <!-- comdata Accounts Page test -->
