<?xml version="1.0" encoding="UTF-8"?>
<!-- Generated by org.testng.reporters.JUnitXMLReporter -->
<testsuite ignored="0" hostname="DESKTOP-9R07MD8" failures="0" tests="4" name="comdata login  test" time="9.578" errors="0" timestamp="2025-03-18T23:35:28 IST">
  <testcase classname="com.qa.opencart.tests.LoginPageTest" name="PageTitleTest" time="0.097"/>
  <testcase classname="com.qa.opencart.tests.LoginPageTest" name="PageUrlTest" time="0.036"/>
  <testcase classname="com.qa.opencart.tests.LoginPageTest" name="PageForgotPwdTest" time="0.095"/>
  <testcase classname="com.qa.opencart.tests.LoginPageTest" name="LoginTest" time="0.922"/>
</testsuite> <!-- comdata login  test -->
