<?xml version="1.0" encoding="UTF-8"?>
<testng-results ignored="0" total="4" passed="4" failed="0" skipped="0">
  <reporter-output>
  </reporter-output>
  <suite started-at="2025-03-18T23:26:41 IST" name="Regression Suite" finished-at="2025-03-18T23:27:07 IST" duration-ms="26384">
    <groups>
      <group name="Samples">
        <method signature="LoginPageTest.LoginTest()[pri:4, instance:com.qa.opencart.tests.LoginPageTest@46d59067]" name="LoginTest" class="com.qa.opencart.tests.LoginPageTest"/>
        <method signature="LoginPageTest.PageForgotPwdTest()[pri:3, instance:com.qa.opencart.tests.LoginPageTest@46d59067]" name="PageForgotPwdTest" class="com.qa.opencart.tests.LoginPageTest"/>
        <method signature="LoginPageTest.PageTitleTest()[pri:1, instance:com.qa.opencart.tests.LoginPageTest@46d59067]" name="PageTitleTest" class="com.qa.opencart.tests.LoginPageTest"/>
        <method signature="LoginPageTest.PageUrlTest()[pri:2, instance:com.qa.opencart.tests.LoginPageTest@46d59067]" name="PageUrlTest" class="com.qa.opencart.tests.LoginPageTest"/>
      </group> <!-- Samples -->
    </groups>
    <test started-at="2025-03-18T23:26:41 IST" name="comdata login  test" finished-at="2025-03-18T23:27:07 IST" duration-ms="26384">
      <class name="com.qa.opencart.tests.LoginPageTest">
        <test-method is-config="true" signature="setup()[pri:0, instance:com.qa.opencart.tests.LoginPageTest@46d59067]" started-at="2025-03-18T23:26:41 IST" name="setup" finished-at="2025-03-18T23:27:05 IST" duration-ms="24215" status="PASS">
          <reporter-output>
          </reporter-output>
        </test-method> <!-- setup -->
        <test-method signature="PageTitleTest()[pri:1, instance:com.qa.opencart.tests.LoginPageTest@46d59067]" started-at="2025-03-18T23:27:05 IST" name="PageTitleTest" finished-at="2025-03-18T23:27:06 IST" duration-ms="746" status="PASS">
          <reporter-output>
          </reporter-output>
        </test-method> <!-- PageTitleTest -->
        <test-method signature="PageUrlTest()[pri:2, instance:com.qa.opencart.tests.LoginPageTest@46d59067]" started-at="2025-03-18T23:27:06 IST" name="PageUrlTest" finished-at="2025-03-18T23:27:06 IST" duration-ms="41" status="PASS">
          <reporter-output>
          </reporter-output>
        </test-method> <!-- PageUrlTest -->
        <test-method signature="PageForgotPwdTest()[pri:3, instance:com.qa.opencart.tests.LoginPageTest@46d59067]" started-at="2025-03-18T23:27:06 IST" name="PageForgotPwdTest" finished-at="2025-03-18T23:27:06 IST" duration-ms="98" status="PASS">
          <reporter-output>
          </reporter-output>
        </test-method> <!-- PageForgotPwdTest -->
        <test-method signature="LoginTest()[pri:4, instance:com.qa.opencart.tests.LoginPageTest@46d59067]" started-at="2025-03-18T23:27:06 IST" name="LoginTest" finished-at="2025-03-18T23:27:07 IST" duration-ms="1199" status="PASS">
          <reporter-output>
          </reporter-output>
        </test-method> <!-- LoginTest -->
        <test-method is-config="true" signature="tearDown()[pri:0, instance:com.qa.opencart.tests.LoginPageTest@46d59067]" started-at="2025-03-18T23:27:07 IST" name="tearDown" finished-at="2025-03-18T23:27:07 IST" duration-ms="0" status="PASS">
          <reporter-output>
          </reporter-output>
        </test-method> <!-- tearDown -->
      </class> <!-- com.qa.opencart.tests.LoginPageTest -->
    </test> <!-- comdata login  test -->
  </suite> <!-- Regression Suite -->
</testng-results>
